<?xml version="1.0" encoding="UTF-8"?>
<!-- Generated by org.testng.reporters.JUnitReportReporter -->
<testsuite hostname="LAPTOP-GCEPLDKO" failures="0" tests="1" name="TestRunneeer.TestRunnerrrrrr" time="15.608" errors="0" timestamp="2021-06-27T21:24:42 PDT" skipped="0">
  <testcase classname="TestRunneeer.TestRunnerrrrrr" name="feature" time="15.608"/>
  <system-out/>
</testsuite> <!-- TestRunneeer.TestRunnerrrrrr -->
